  main.cpp
c:\users\кирилл\onedrive\научая работа\выравнивание сетей через ребра\graduate_work\gen_net_alignment\seq_alignment.h(38): warning C4227: устаревший элемент: пропуск квалификаторов для ссылки
c:\users\кирилл\onedrive\научая работа\выравнивание сетей через ребра\graduate_work\gen_net_alignment\seq_alignment.h(79): warning C4227: устаревший элемент: пропуск квалификаторов для ссылки
c:\users\кирилл\onedrive\научая работа\выравнивание сетей через ребра\graduate_work\gen_net_alignment\structures_and_classes.h(68): warning C4227: устаревший элемент: пропуск квалификаторов для ссылки
c:\users\кирилл\onedrive\научая работа\выравнивание сетей через ребра\graduate_work\gen_net_alignment\structures_and_classes.h(93): warning C4227: устаревший элемент: пропуск квалификаторов для ссылки
c:\users\кирилл\onedrive\научая работа\выравнивание сетей через ребра\graduate_work\gen_net_alignment\structures_and_classes.h(107): warning C4267: =: преобразование из "size_t" в "int"; возможна потеря данных
c:\users\кирилл\onedrive\научая работа\выравнивание сетей через ребра\graduate_work\gen_net_alignment\structures_and_classes.h(248): warning C4227: устаревший элемент: пропуск квалификаторов для ссылки
c:\users\кирилл\onedrive\научая работа\выравнивание сетей через ребра\graduate_work\gen_net_alignment\structures_and_classes.h(250): warning C4267: =: преобразование из "size_t" в "int"; возможна потеря данных
c:\users\кирилл\onedrive\научая работа\выравнивание сетей через ребра\graduate_work\gen_net_alignment\structures_and_classes.h(297): warning C4227: устаревший элемент: пропуск квалификаторов для ссылки
c:\users\кирилл\onedrive\научая работа\выравнивание сетей через ребра\graduate_work\gen_net_alignment\structures_and_classes.h(317): warning C4267: =: преобразование из "size_t" в "int"; возможна потеря данных
c:\users\кирилл\onedrive\научая работа\выравнивание сетей через ребра\graduate_work\gen_net_alignment\structures_and_classes.h(373): warning C4227: устаревший элемент: пропуск квалификаторов для ссылки
c:\users\кирилл\onedrive\научая работа\выравнивание сетей через ребра\graduate_work\gen_net_alignment\structures_and_classes.h(385): warning C4267: =: преобразование из "size_t" в "int"; возможна потеря данных
c:\users\кирилл\onedrive\научая работа\выравнивание сетей через ребра\graduate_work\gen_net_alignment\structures_and_classes.h(399): warning C4227: устаревший элемент: пропуск квалификаторов для ссылки
c:\users\кирилл\onedrive\научая работа\выравнивание сетей через ребра\graduate_work\gen_net_alignment\structures_and_classes.h(447): warning C4227: устаревший элемент: пропуск квалификаторов для ссылки
c:\users\кирилл\onedrive\научая работа\выравнивание сетей через ребра\graduate_work\gen_net_alignment\connectivity_components.h(29): warning C4227: устаревший элемент: пропуск квалификаторов для ссылки
c:\users\кирилл\onedrive\научая работа\выравнивание сетей через ребра\graduate_work\gen_net_alignment\dropped_nodes.h(27): warning C4227: устаревший элемент: пропуск квалификаторов для ссылки
c:\users\кирилл\onedrive\научая работа\выравнивание сетей через ребра\graduate_work\gen_net_alignment\dropped_nodes.h(41): warning C4227: устаревший элемент: пропуск квалификаторов для ссылки
c:\users\кирилл\onedrive\научая работа\выравнивание сетей через ребра\graduate_work\gen_net_alignment\dropped_nodes.h(94): warning C4227: устаревший элемент: пропуск квалификаторов для ссылки
c:\users\кирилл\onedrive\научая работа\выравнивание сетей через ребра\graduate_work\gen_net_alignment\dropped_nodes.h(96): warning C4267: аргумент: преобразование из "size_t" в "int"; возможна потеря данных
c:\users\кирилл\onedrive\научая работа\выравнивание сетей через ребра\graduate_work\gen_net_alignment\dropped_nodes.h(116): warning C4267: =: преобразование из "size_t" в "int"; возможна потеря данных
c:\users\кирилл\onedrive\научая работа\выравнивание сетей через ребра\graduate_work\gen_net_alignment\count_unavailable_nodes.h(17): warning C4227: устаревший элемент: пропуск квалификаторов для ссылки
c:\users\кирилл\onedrive\научая работа\выравнивание сетей через ребра\graduate_work\gen_net_alignment\count_unavailable_nodes.h(31): warning C4227: устаревший элемент: пропуск квалификаторов для ссылки
c:\users\кирилл\onedrive\научая работа\выравнивание сетей через ребра\graduate_work\gen_net_alignment\count_unavailable_nodes.h(42): warning C4227: устаревший элемент: пропуск квалификаторов для ссылки
c:\users\кирилл\onedrive\научая работа\выравнивание сетей через ребра\graduate_work\gen_net_alignment\count_unavailable_nodes.h(83): warning C4227: устаревший элемент: пропуск квалификаторов для ссылки
c:\users\кирилл\onedrive\научая работа\выравнивание сетей через ребра\graduate_work\gen_net_alignment\count_unavailable_nodes.h(98): warning C4267: =: преобразование из "size_t" в "int"; возможна потеря данных
c:\users\кирилл\onedrive\научая работа\выравнивание сетей через ребра\graduate_work\gen_net_alignment\stretching.h(9): warning C4227: устаревший элемент: пропуск квалификаторов для ссылки
c:\users\кирилл\onedrive\научая работа\выравнивание сетей через ребра\graduate_work\gen_net_alignment\stretching.h(20): warning C4267: =: преобразование из "size_t" в "int"; возможна потеря данных
c:\users\кирилл\onedrive\научая работа\выравнивание сетей через ребра\graduate_work\gen_net_alignment\stretching.h(28): warning C4267: =: преобразование из "size_t" в "int"; возможна потеря данных
c:\users\кирилл\onedrive\научая работа\выравнивание сетей через ребра\graduate_work\gen_net_alignment\score_alignment.h(13): warning C4227: устаревший элемент: пропуск квалификаторов для ссылки
c:\users\кирилл\onedrive\научая работа\выравнивание сетей через ребра\graduate_work\gen_net_alignment\score_alignment.h(101): warning C4227: устаревший элемент: пропуск квалификаторов для ссылки
c:\users\кирилл\onedrive\научая работа\выравнивание сетей через ребра\graduate_work\gen_net_alignment\score_alignment.h(145): warning C4227: устаревший элемент: пропуск квалификаторов для ссылки
c:\users\кирилл\onedrive\научая работа\выравнивание сетей через ребра\graduate_work\gen_net_alignment\exhaustive_search.h(12): warning C4227: устаревший элемент: пропуск квалификаторов для ссылки
c:\users\кирилл\onedrive\научая работа\выравнивание сетей через ребра\graduate_work\gen_net_alignment\exhaustive_search.h(60): warning C4227: устаревший элемент: пропуск квалификаторов для ссылки
c:\users\кирилл\onedrive\научая работа\выравнивание сетей через ребра\graduate_work\gen_net_alignment\exhaustive_search.h(14): warning C4267: аргумент: преобразование из "size_t" в "int"; возможна потеря данных
c:\users\кирилл\onedrive\научая работа\выравнивание сетей через ребра\graduate_work\gen_net_alignment\exhaustive_search.h(63): warning C4267: =: преобразование из "size_t" в "int"; возможна потеря данных
c:\users\кирилл\onedrive\научая работа\выравнивание сетей через ребра\graduate_work\gen_net_alignment\exhaustive_search.h(64): warning C4267: =: преобразование из "size_t" в "int"; возможна потеря данных
c:\users\кирилл\onedrive\научая работа\выравнивание сетей через ребра\graduate_work\gen_net_alignment\exhaustive_search.h(65): warning C4267: =: преобразование из "size_t" в "int"; возможна потеря данных
c:\users\кирилл\onedrive\научая работа\выравнивание сетей через ребра\graduate_work\gen_net_alignment\exhaustive_search.h(66): warning C4267: =: преобразование из "size_t" в "int"; возможна потеря данных
c:\users\кирилл\onedrive\научая работа\выравнивание сетей через ребра\graduate_work\gen_net_alignment\random_net_generator.h(45): warning C4227: устаревший элемент: пропуск квалификаторов для ссылки
c:\users\кирилл\onedrive\научая работа\выравнивание сетей через ребра\graduate_work\gen_net_alignment\random_net_generator.h(233): warning C4227: устаревший элемент: пропуск квалификаторов для ссылки
c:\users\кирилл\onedrive\научая работа\выравнивание сетей через ребра\graduate_work\gen_net_alignment\random_net_generator.h(236): warning C4267: инициализация: преобразование из "size_t" в "int"; возможна потеря данных
c:\users\кирилл\onedrive\научая работа\выравнивание сетей через ребра\graduate_work\gen_net_alignment\random_net_generator.h(260): warning C4227: устаревший элемент: пропуск квалификаторов для ссылки
c:\users\кирилл\onedrive\научая работа\выравнивание сетей через ребра\graduate_work\gen_net_alignment\random_net_generator.h(263): warning C4267: инициализация: преобразование из "size_t" в "int"; возможна потеря данных
c:\users\кирилл\onedrive\научая работа\выравнивание сетей через ребра\graduate_work\gen_net_alignment\random_net_generator.h(285): warning C4267: =: преобразование из "size_t" в "int"; возможна потеря данных
c:\users\кирилл\onedrive\научая работа\выравнивание сетей через ребра\graduate_work\gen_net_alignment\lenear_alignment.h(14): warning C4227: устаревший элемент: пропуск квалификаторов для ссылки
c:\users\кирилл\onedrive\научая работа\выравнивание сетей через ребра\graduate_work\gen_net_alignment\tree_alignment.h(10): warning C4227: устаревший элемент: пропуск квалификаторов для ссылки
c:\users\кирилл\onedrive\научая работа\выравнивание сетей через ребра\graduate_work\gen_net_alignment\tree_alignment.h(45): warning C4227: устаревший элемент: пропуск квалификаторов для ссылки
c:\users\кирилл\onedrive\научая работа\выравнивание сетей через ребра\graduate_work\gen_net_alignment\tree_alignment.h(75): warning C4267: аргумент: преобразование из "size_t" в "int"; возможна потеря данных
c:\users\кирилл\onedrive\научая работа\выравнивание сетей через ребра\graduate_work\gen_net_alignment\clipping_linear.h(8): warning C4227: устаревший элемент: пропуск квалификаторов для ссылки
c:\users\кирилл\onedrive\научая работа\выравнивание сетей через ребра\graduate_work\gen_net_alignment\clipping_linear.h(9): warning C4267: аргумент: преобразование из "size_t" в "int"; возможна потеря данных
c:\users\кирилл\onedrive\научая работа\выравнивание сетей через ребра\graduate_work\gen_net_alignment\clipping_linear.h(43): warning C4227: устаревший элемент: пропуск квалификаторов для ссылки
c:\users\кирилл\onedrive\научая работа\выравнивание сетей через ребра\graduate_work\gen_net_alignment\clipping_linear.h(67): warning C4267: =: преобразование из "size_t" в "int"; возможна потеря данных
c:\users\кирилл\onedrive\научая работа\выравнивание сетей через ребра\graduate_work\gen_net_alignment\main.cpp(9): warning C4244: аргумент: преобразование "time_t" в "unsigned int", возможна потеря данных
  Создание кода
  4 of 1849 functions ( 0.2%) were compiled, the rest were copied from previous compilation.
    0 functions were new in current compilation
    16 functions had inline decision re-evaluated but remain unchanged
  Создание кода завершено
  Gen_net_alignment.vcxproj -> C:\Users\кирилл\OneDrive\научая работа\Выравнивание сетей через ребра\graduate_work\gen_net_alignment\x64\Release\Gen_net_alignment.exe
