  main.cpp
c:\users\кирилл\onedrive\научая работа\выравнивание сетей через ребра\graduate_work\gen_net_alignment\structures_and_classes.h(58): warning C4227: устаревший элемент: пропуск квалификаторов для ссылки
c:\users\кирилл\onedrive\научая работа\выравнивание сетей через ребра\graduate_work\gen_net_alignment\structures_and_classes.h(84): warning C4227: устаревший элемент: пропуск квалификаторов для ссылки
c:\users\кирилл\onedrive\научая работа\выравнивание сетей через ребра\graduate_work\gen_net_alignment\structures_and_classes.h(96): warning C4018: <: несоответствие типов со знаком и без знака
c:\users\кирилл\onedrive\научая работа\выравнивание сетей через ребра\graduate_work\gen_net_alignment\structures_and_classes.h(108): warning C4018: <: несоответствие типов со знаком и без знака
c:\users\кирилл\onedrive\научая работа\выравнивание сетей через ребра\graduate_work\gen_net_alignment\structures_and_classes.h(140): warning C4018: <: несоответствие типов со знаком и без знака
c:\users\кирилл\onedrive\научая работа\выравнивание сетей через ребра\graduate_work\gen_net_alignment\structures_and_classes.h(159): warning C4018: <: несоответствие типов со знаком и без знака
c:\users\кирилл\onedrive\научая работа\выравнивание сетей через ребра\graduate_work\gen_net_alignment\structures_and_classes.h(188): warning C4018: <: несоответствие типов со знаком и без знака
c:\users\кирилл\onedrive\научая работа\выравнивание сетей через ребра\graduate_work\gen_net_alignment\structures_and_classes.h(225): warning C4227: устаревший элемент: пропуск квалификаторов для ссылки
c:\users\кирилл\onedrive\научая работа\выравнивание сетей через ребра\graduate_work\gen_net_alignment\structures_and_classes.h(256): warning C4018: <: несоответствие типов со знаком и без знака
c:\users\кирилл\onedrive\научая работа\выравнивание сетей через ребра\graduate_work\gen_net_alignment\structures_and_classes.h(273): warning C4227: устаревший элемент: пропуск квалификаторов для ссылки
c:\users\кирилл\onedrive\научая работа\выравнивание сетей через ребра\graduate_work\gen_net_alignment\seq_alignment.h(38): warning C4227: устаревший элемент: пропуск квалификаторов для ссылки
c:\users\кирилл\onedrive\научая работа\выравнивание сетей через ребра\graduate_work\gen_net_alignment\seq_alignment.h(43): warning C4018: <: несоответствие типов со знаком и без знака
c:\users\кирилл\onedrive\научая работа\выравнивание сетей через ребра\graduate_work\gen_net_alignment\seq_alignment.h(46): warning C4018: <: несоответствие типов со знаком и без знака
c:\users\кирилл\onedrive\научая работа\выравнивание сетей через ребра\graduate_work\gen_net_alignment\seq_alignment.h(48): warning C4018: <: несоответствие типов со знаком и без знака
c:\users\кирилл\onedrive\научая работа\выравнивание сетей через ребра\graduate_work\gen_net_alignment\seq_alignment.h(51): warning C4018: <: несоответствие типов со знаком и без знака
c:\users\кирилл\onedrive\научая работа\выравнивание сетей через ребра\graduate_work\gen_net_alignment\seq_alignment.h(52): warning C4018: <: несоответствие типов со знаком и без знака
c:\users\кирилл\onedrive\научая работа\выравнивание сетей через ребра\graduate_work\gen_net_alignment\seq_alignment.h(58): warning C4018: <: несоответствие типов со знаком и без знака
c:\users\кирилл\onedrive\научая работа\выравнивание сетей через ребра\graduate_work\gen_net_alignment\seq_alignment.h(79): warning C4227: устаревший элемент: пропуск квалификаторов для ссылки
c:\users\кирилл\onedrive\научая работа\выравнивание сетей через ребра\graduate_work\gen_net_alignment\connectivity_components.h(29): warning C4227: устаревший элемент: пропуск квалификаторов для ссылки
c:\users\кирилл\onedrive\научая работа\выравнивание сетей через ребра\graduate_work\gen_net_alignment\dropped_nodes.h(28): warning C4227: устаревший элемент: пропуск квалификаторов для ссылки
c:\users\кирилл\onedrive\научая работа\выравнивание сетей через ребра\graduate_work\gen_net_alignment\dropped_nodes.h(42): warning C4227: устаревший элемент: пропуск квалификаторов для ссылки
c:\users\кирилл\onedrive\научая работа\выравнивание сетей через ребра\graduate_work\gen_net_alignment\dropped_nodes.h(95): warning C4227: устаревший элемент: пропуск квалификаторов для ссылки
c:\users\кирилл\onedrive\научая работа\выравнивание сетей через ребра\graduate_work\gen_net_alignment\dropped_nodes.h(81): warning C4018: <: несоответствие типов со знаком и без знака
c:\users\кирилл\onedrive\научая работа\выравнивание сетей через ребра\graduate_work\gen_net_alignment\dropped_nodes.h(103): warning C4018: <: несоответствие типов со знаком и без знака
c:\users\кирилл\onedrive\научая работа\выравнивание сетей через ребра\graduate_work\gen_net_alignment\dropped_nodes.h(108): warning C4018: <: несоответствие типов со знаком и без знака
c:\users\кирилл\onedrive\научая работа\выравнивание сетей через ребра\graduate_work\gen_net_alignment\dropped_nodes.h(111): warning C4018: <: несоответствие типов со знаком и без знака
c:\users\кирилл\onedrive\научая работа\выравнивание сетей через ребра\graduate_work\gen_net_alignment\count_unavailable_nodes.h(18): warning C4227: устаревший элемент: пропуск квалификаторов для ссылки
c:\users\кирилл\onedrive\научая работа\выравнивание сетей через ребра\graduate_work\gen_net_alignment\count_unavailable_nodes.h(32): warning C4227: устаревший элемент: пропуск квалификаторов для ссылки
c:\users\кирилл\onedrive\научая работа\выравнивание сетей через ребра\graduate_work\gen_net_alignment\count_unavailable_nodes.h(43): warning C4227: устаревший элемент: пропуск квалификаторов для ссылки
c:\users\кирилл\onedrive\научая работа\выравнивание сетей через ребра\graduate_work\gen_net_alignment\count_unavailable_nodes.h(84): warning C4227: устаревший элемент: пропуск квалификаторов для ссылки
c:\users\кирилл\onedrive\научая работа\выравнивание сетей через ребра\graduate_work\gen_net_alignment\stretching.h(9): warning C4227: устаревший элемент: пропуск квалификаторов для ссылки
c:\users\кирилл\onedrive\научая работа\выравнивание сетей через ребра\graduate_work\gen_net_alignment\stretching.h(26): warning C4018: <: несоответствие типов со знаком и без знака
c:\users\кирилл\onedrive\научая работа\выравнивание сетей через ребра\graduate_work\gen_net_alignment\score_alignment.h(13): warning C4227: устаревший элемент: пропуск квалификаторов для ссылки
c:\users\кирилл\onedrive\научая работа\выравнивание сетей через ребра\graduate_work\gen_net_alignment\score_alignment.h(25): warning C4018: <: несоответствие типов со знаком и без знака
c:\users\кирилл\onedrive\научая работа\выравнивание сетей через ребра\graduate_work\gen_net_alignment\score_alignment.h(53): warning C4018: <: несоответствие типов со знаком и без знака
c:\users\кирилл\onedrive\научая работа\выравнивание сетей через ребра\graduate_work\gen_net_alignment\score_alignment.h(101): warning C4227: устаревший элемент: пропуск квалификаторов для ссылки
c:\users\кирилл\onedrive\научая работа\выравнивание сетей через ребра\graduate_work\gen_net_alignment\score_alignment.h(145): warning C4227: устаревший элемент: пропуск квалификаторов для ссылки
c:\users\кирилл\onedrive\научая работа\выравнивание сетей через ребра\graduate_work\gen_net_alignment\exhaustive_search.h(13): warning C4227: устаревший элемент: пропуск квалификаторов для ссылки
c:\users\кирилл\onedrive\научая работа\выравнивание сетей через ребра\graduate_work\gen_net_alignment\exhaustive_search.h(61): warning C4227: устаревший элемент: пропуск квалификаторов для ссылки
c:\users\кирилл\onedrive\научая работа\выравнивание сетей через ребра\graduate_work\gen_net_alignment\exhaustive_search.h(43): warning C4018: <: несоответствие типов со знаком и без знака
c:\users\кирилл\onedrive\научая работа\выравнивание сетей через ребра\graduate_work\gen_net_alignment\lenear_alignment.h(23): warning C4018: <: несоответствие типов со знаком и без знака
c:\users\кирилл\onedrive\научая работа\выравнивание сетей через ребра\graduate_work\gen_net_alignment\lenear_alignment.h(41): warning C4018: <: несоответствие типов со знаком и без знака
c:\users\кирилл\onedrive\научая работа\выравнивание сетей через ребра\graduate_work\gen_net_alignment\lenear_alignment.h(55): warning C4018: <: несоответствие типов со знаком и без знака
c:\users\кирилл\onedrive\научая работа\выравнивание сетей через ребра\graduate_work\gen_net_alignment\lenear_alignment.h(162): warning C4227: устаревший элемент: пропуск квалификаторов для ссылки
c:\users\кирилл\onedrive\научая работа\выравнивание сетей через ребра\graduate_work\gen_net_alignment\lenear_alignment.h(189): warning C4227: устаревший элемент: пропуск квалификаторов для ссылки
c:\users\кирилл\onedrive\научая работа\выравнивание сетей через ребра\graduate_work\gen_net_alignment\lenear_alignment.h(216): warning C4227: устаревший элемент: пропуск квалификаторов для ссылки
c:\users\кирилл\onedrive\научая работа\выравнивание сетей через ребра\graduate_work\gen_net_alignment\lenear_alignment.h(243): warning C4227: устаревший элемент: пропуск квалификаторов для ссылки
c:\users\кирилл\onedrive\научая работа\выравнивание сетей через ребра\graduate_work\gen_net_alignment\lenear_alignment.h(268): warning C4227: устаревший элемент: пропуск квалификаторов для ссылки
c:\users\кирилл\onedrive\научая работа\выравнивание сетей через ребра\graduate_work\gen_net_alignment\lenear_alignment.h(284): warning C4227: устаревший элемент: пропуск квалификаторов для ссылки
c:\users\кирилл\onedrive\научая работа\выравнивание сетей через ребра\graduate_work\gen_net_alignment\lenear_alignment.h(285): warning C4227: устаревший элемент: пропуск квалификаторов для ссылки
c:\users\кирилл\onedrive\научая работа\выравнивание сетей через ребра\graduate_work\gen_net_alignment\lenear_alignment.h(286): warning C4227: устаревший элемент: пропуск квалификаторов для ссылки
c:\users\кирилл\onedrive\научая работа\выравнивание сетей через ребра\graduate_work\gen_net_alignment\lenear_alignment.h(297): warning C4018: >=: несоответствие типов со знаком и без знака
c:\users\кирилл\onedrive\научая работа\выравнивание сетей через ребра\graduate_work\gen_net_alignment\lenear_alignment.h(380): warning C4227: устаревший элемент: пропуск квалификаторов для ссылки
c:\users\кирилл\onedrive\научая работа\выравнивание сетей через ребра\graduate_work\gen_net_alignment\lenear_alignment.h(391): warning C4227: устаревший элемент: пропуск квалификаторов для ссылки
c:\users\кирилл\onedrive\научая работа\выравнивание сетей через ребра\graduate_work\gen_net_alignment\lenear_alignment.h(398): warning C4018: <: несоответствие типов со знаком и без знака
c:\users\кирилл\onedrive\научая работа\выравнивание сетей через ребра\graduate_work\gen_net_alignment\lenear_alignment.h(399): warning C4018: >=: несоответствие типов со знаком и без знака
c:\users\кирилл\onedrive\научая работа\выравнивание сетей через ребра\graduate_work\gen_net_alignment\lenear_alignment.h(420): warning C4227: устаревший элемент: пропуск квалификаторов для ссылки
c:\users\кирилл\onedrive\научая работа\выравнивание сетей через ребра\graduate_work\gen_net_alignment\main.cpp(6): warning C4244: аргумент: преобразование "time_t" в "unsigned int", возможна потеря данных
  Создание кода
  3 of 3759 functions ( 0.1%) were compiled, the rest were copied from previous compilation.
    0 functions were new in current compilation
    0 functions had inline decision re-evaluated but remain unchanged
  Создание кода завершено
  Gen_net_alignment.vcxproj -> C:\Users\кирилл\OneDrive\научая работа\Выравнивание сетей через ребра\graduate_work\Gen_net_alignment\Release\Gen_net_alignment.exe
