  main.cpp
c:\users\кирилл\onedrive\научая работа\выравнивание сетей через ребра\graduate_work\gen_net_alignment\seq_alignment.h(47): warning C4227: устаревший элемент: пропуск квалификаторов для ссылки
c:\users\кирилл\onedrive\научая работа\выравнивание сетей через ребра\graduate_work\gen_net_alignment\seq_alignment.h(89): warning C4227: устаревший элемент: пропуск квалификаторов для ссылки
c:\users\кирилл\onedrive\научая работа\выравнивание сетей через ребра\graduate_work\gen_net_alignment\structures_and_classes.h(68): warning C4227: устаревший элемент: пропуск квалификаторов для ссылки
c:\users\кирилл\onedrive\научая работа\выравнивание сетей через ребра\graduate_work\gen_net_alignment\structures_and_classes.h(93): warning C4227: устаревший элемент: пропуск квалификаторов для ссылки
c:\users\кирилл\onedrive\научая работа\выравнивание сетей через ребра\graduate_work\gen_net_alignment\structures_and_classes.h(107): warning C4267: =: преобразование из "size_t" в "int"; возможна потеря данных
c:\users\кирилл\onedrive\научая работа\выравнивание сетей через ребра\graduate_work\gen_net_alignment\structures_and_classes.h(248): warning C4227: устаревший элемент: пропуск квалификаторов для ссылки
c:\users\кирилл\onedrive\научая работа\выравнивание сетей через ребра\graduate_work\gen_net_alignment\structures_and_classes.h(250): warning C4267: =: преобразование из "size_t" в "int"; возможна потеря данных
c:\users\кирилл\onedrive\научая работа\выравнивание сетей через ребра\graduate_work\gen_net_alignment\structures_and_classes.h(297): warning C4227: устаревший элемент: пропуск квалификаторов для ссылки
c:\users\кирилл\onedrive\научая работа\выравнивание сетей через ребра\graduate_work\gen_net_alignment\structures_and_classes.h(309): warning C4267: =: преобразование из "size_t" в "int"; возможна потеря данных
c:\users\кирилл\onedrive\научая работа\выравнивание сетей через ребра\graduate_work\gen_net_alignment\structures_and_classes.h(366): warning C4227: устаревший элемент: пропуск квалификаторов для ссылки
c:\users\кирилл\onedrive\научая работа\выравнивание сетей через ребра\graduate_work\gen_net_alignment\structures_and_classes.h(378): warning C4267: =: преобразование из "size_t" в "int"; возможна потеря данных
c:\users\кирилл\onedrive\научая работа\выравнивание сетей через ребра\graduate_work\gen_net_alignment\structures_and_classes.h(393): warning C4227: устаревший элемент: пропуск квалификаторов для ссылки
c:\users\кирилл\onedrive\научая работа\выравнивание сетей через ребра\graduate_work\gen_net_alignment\structures_and_classes.h(441): warning C4227: устаревший элемент: пропуск квалификаторов для ссылки
c:\users\кирилл\onedrive\научая работа\выравнивание сетей через ребра\graduate_work\gen_net_alignment\connectivity_components.h(29): warning C4227: устаревший элемент: пропуск квалификаторов для ссылки
c:\users\кирилл\onedrive\научая работа\выравнивание сетей через ребра\graduate_work\gen_net_alignment\dropped_nodes.h(27): warning C4227: устаревший элемент: пропуск квалификаторов для ссылки
c:\users\кирилл\onedrive\научая работа\выравнивание сетей через ребра\graduate_work\gen_net_alignment\dropped_nodes.h(41): warning C4227: устаревший элемент: пропуск квалификаторов для ссылки
c:\users\кирилл\onedrive\научая работа\выравнивание сетей через ребра\graduate_work\gen_net_alignment\dropped_nodes.h(94): warning C4227: устаревший элемент: пропуск квалификаторов для ссылки
c:\users\кирилл\onedrive\научая работа\выравнивание сетей через ребра\graduate_work\gen_net_alignment\dropped_nodes.h(96): warning C4267: аргумент: преобразование из "size_t" в "int"; возможна потеря данных
c:\users\кирилл\onedrive\научая работа\выравнивание сетей через ребра\graduate_work\gen_net_alignment\dropped_nodes.h(116): warning C4267: =: преобразование из "size_t" в "int"; возможна потеря данных
c:\users\кирилл\onedrive\научая работа\выравнивание сетей через ребра\graduate_work\gen_net_alignment\count_unavailable_nodes.h(17): warning C4227: устаревший элемент: пропуск квалификаторов для ссылки
c:\users\кирилл\onedrive\научая работа\выравнивание сетей через ребра\graduate_work\gen_net_alignment\count_unavailable_nodes.h(31): warning C4227: устаревший элемент: пропуск квалификаторов для ссылки
c:\users\кирилл\onedrive\научая работа\выравнивание сетей через ребра\graduate_work\gen_net_alignment\count_unavailable_nodes.h(42): warning C4227: устаревший элемент: пропуск квалификаторов для ссылки
c:\users\кирилл\onedrive\научая работа\выравнивание сетей через ребра\graduate_work\gen_net_alignment\count_unavailable_nodes.h(83): warning C4227: устаревший элемент: пропуск квалификаторов для ссылки
c:\users\кирилл\onedrive\научая работа\выравнивание сетей через ребра\graduate_work\gen_net_alignment\count_unavailable_nodes.h(98): warning C4267: =: преобразование из "size_t" в "int"; возможна потеря данных
c:\users\кирилл\onedrive\научая работа\выравнивание сетей через ребра\graduate_work\gen_net_alignment\stretching.h(9): warning C4227: устаревший элемент: пропуск квалификаторов для ссылки
c:\users\кирилл\onedrive\научая работа\выравнивание сетей через ребра\graduate_work\gen_net_alignment\stretching.h(20): warning C4267: =: преобразование из "size_t" в "int"; возможна потеря данных
c:\users\кирилл\onedrive\научая работа\выравнивание сетей через ребра\graduate_work\gen_net_alignment\stretching.h(28): warning C4267: =: преобразование из "size_t" в "int"; возможна потеря данных
c:\users\кирилл\onedrive\научая работа\выравнивание сетей через ребра\graduate_work\gen_net_alignment\score_alignment.h(10): warning C4227: устаревший элемент: пропуск квалификаторов для ссылки
c:\users\кирилл\onedrive\научая работа\выравнивание сетей через ребра\graduate_work\gen_net_alignment\score_alignment.h(95): warning C4227: устаревший элемент: пропуск квалификаторов для ссылки
c:\users\кирилл\onedrive\научая работа\выравнивание сетей через ребра\graduate_work\gen_net_alignment\random_net_generator.h(45): warning C4227: устаревший элемент: пропуск квалификаторов для ссылки
c:\users\кирилл\onedrive\научая работа\выравнивание сетей через ребра\graduate_work\gen_net_alignment\random_net_generator.h(230): warning C4227: устаревший элемент: пропуск квалификаторов для ссылки
c:\users\кирилл\onedrive\научая работа\выравнивание сетей через ребра\graduate_work\gen_net_alignment\random_net_generator.h(233): warning C4267: инициализация: преобразование из "size_t" в "int"; возможна потеря данных
c:\users\кирилл\onedrive\научая работа\выравнивание сетей через ребра\graduate_work\gen_net_alignment\random_net_generator.h(259): warning C4227: устаревший элемент: пропуск квалификаторов для ссылки
c:\users\кирилл\onedrive\научая работа\выравнивание сетей через ребра\graduate_work\gen_net_alignment\random_net_generator.h(262): warning C4267: инициализация: преобразование из "size_t" в "int"; возможна потеря данных
c:\users\кирилл\onedrive\научая работа\выравнивание сетей через ребра\graduate_work\gen_net_alignment\random_net_generator.h(287): warning C4267: =: преобразование из "size_t" в "int"; возможна потеря данных
c:\users\кирилл\onedrive\научая работа\выравнивание сетей через ребра\graduate_work\gen_net_alignment\lenear_alignment.h(14): warning C4227: устаревший элемент: пропуск квалификаторов для ссылки
c:\users\кирилл\onedrive\научая работа\выравнивание сетей через ребра\graduate_work\gen_net_alignment\tree_alignment.h(11): warning C4227: устаревший элемент: пропуск квалификаторов для ссылки
c:\users\кирилл\onedrive\научая работа\выравнивание сетей через ребра\graduate_work\gen_net_alignment\tree_alignment.h(50): warning C4227: устаревший элемент: пропуск квалификаторов для ссылки
c:\users\кирилл\onedrive\научая работа\выравнивание сетей через ребра\graduate_work\gen_net_alignment\tree_alignment.h(81): warning C4267: аргумент: преобразование из "size_t" в "int"; возможна потеря данных
c:\users\кирилл\onedrive\научая работа\выравнивание сетей через ребра\graduate_work\gen_net_alignment\clipping_linear.h(10): warning C4227: устаревший элемент: пропуск квалификаторов для ссылки
c:\users\кирилл\onedrive\научая работа\выравнивание сетей через ребра\graduate_work\gen_net_alignment\clipping_linear.h(11): warning C4267: аргумент: преобразование из "size_t" в "int"; возможна потеря данных
c:\users\кирилл\onedrive\научая работа\выравнивание сетей через ребра\graduate_work\gen_net_alignment\clipping_linear.h(46): warning C4227: устаревший элемент: пропуск квалификаторов для ссылки
c:\users\кирилл\onedrive\научая работа\выравнивание сетей через ребра\graduate_work\gen_net_alignment\clipping_linear.h(70): warning C4267: =: преобразование из "size_t" в "int"; возможна потеря данных
c:\users\кирилл\onedrive\научая работа\выравнивание сетей через ребра\graduate_work\gen_net_alignment\clipping_linear.h(289): warning C4244: инициализация: преобразование "__int64" в "int", возможна потеря данных
c:\users\кирилл\onedrive\научая работа\выравнивание сетей через ребра\graduate_work\gen_net_alignment\main.cpp(8): warning C4244: аргумент: преобразование "time_t" в "unsigned int", возможна потеря данных
  Gen_net_alignment.vcxproj -> C:\Users\кирилл\OneDrive\научая работа\Выравнивание сетей через ребра\graduate_work\gen_net_alignment\x64\Debug\Gen_net_alignment.exe
